
*** DEB ********************************************************************************************

    Chargement des données

        > dtfMessages [4225 lignes]

            ------------------------------------------------------------------------------
                        colonne           |     format    |    non-null   |    non-null%  
            ------------------------------------------------------------------------------
             TWEET                        | object        |          4225 |        100.00 
             CROYANCE                     | object        |          4225 |        100.00 
             CONFIENCE                    | float64       |          4225 |        100.00 
            ------------------------------------------------------------------------------

    > [fnc_modelisations] sMethode=L / dRatioValNull=0.5 / dRatioJeuTest=0.2

        Liste des modèles
            RLM [R, , ] : Régression Linéaire Multiple
            RLG [ ,C, ] : Régression Logistique
            RDF [R,C, ] : Random Forest
            ARD [R,C, ] : Arbre de Décision
            KNB [R,C, ] : K Neighbors
            SVM [ , ,L] : Machine Vecteurs de Supports
            GBT [ , , ] : Gradient Boosting
            TFW [ , , ] : Tensor Flow

        > Prédiction "predict_croyance"

            > [fnc_prepa_null]

            > [fnc_prepa_date]

            > [fnc_prepa_cat]

                Détection catégories & encodage
                Encodage des classifications cibles
                    predict_croyance (2 modalités)
                    ----------------------------------------------------------------------------------
                           id      |                  predict_croyance                |       nb      
                    ----------------------------------------------------------------------------------
                                 0 | Yes                                              |          3111 
                                 1 | No                                               |          1114 
                    ----------------------------------------------------------------------------------


            > [fnc_prepa_nlp]

                Préparation des données de type texte (nlp)
                    txt_tweet
                        Normalisation
                        Suppression des "stop words"
                        Stemmisation
                        Lemmatisation

            > dtfData [4225 lignes]

                ------------------------------------------------------------------------------
                            colonne           |     format    |    non-null   |    non-null%  
                ------------------------------------------------------------------------------
                 txt_tweet                    | object        |          4225 |        100.00 
                 predict_cat_id               | int64         |          4225 |        100.00 
                ------------------------------------------------------------------------------

            > Datasets d'entrée

                > dtfObserv [4225 lignes]

                    ------------------------------------------------------------------------------
                                colonne           |     format    |    non-null   |    non-null%  
                    ------------------------------------------------------------------------------
                     txt_tweet                    | object        |          4225 |        100.00 
                    ------------------------------------------------------------------------------

                > dtfPredict [4225 lignes]

                    ------------------------------------------------------------------------------
                                colonne           |     format    |    non-null   |    non-null%  
                    ------------------------------------------------------------------------------
                     predict_cat_id               | int64         |          4225 |        100.00 
                    ------------------------------------------------------------------------------

            >>> Modèle "Machine Vecteurs de Supports"

                Jeux d'entrainement / validation
                Entrainement
                    Création du pipeline
                    Optimisation des paramètres
                        Meilleurs params : 1
                    Apprentissage
                    Evaluation
                Evaluations
                Export

    > Résultats - Etude "test_climat"

        ---------------------------------------------------------------------------------------------------------------------------
                  var_predict         |           nom_modele         |       precision_apprent      |        precision_valid       
        ---------------------------------------------------------------------------------------------------------------------------
         predict_cat_id               | Machine Vecteurs de Supports |                        94.79 |                        83.91 
        ---------------------------------------------------------------------------------------------------------------------------


*** FIN ********************************************************************************************
