
*** DEB ********************************************************************************************

Import (resultats/test_climat/2022-04-11/predict_croyance_svm.mod)
Prédiction
        > [fnc_prepa_nlp]

            Préparation des données de type texte (nlp)

    > dtfObserv [3 lignes]

        ------------------------------------------------------------------------------
                    colonne           |     format    |    non-null   |    non-null%  
        ------------------------------------------------------------------------------
         txt_tweet                    | object        |             3 |        100.00 
        ------------------------------------------------------------------------------

> dtfPredict [3 lignes]

    ------------------------------------------------------------------------------
                colonne           |     format    |    non-null   |    non-null%  
    ------------------------------------------------------------------------------
     predict_croyance_id          | int64         |             3 |        100.00 
     predict_croyance             | object        |             3 |        100.00 
    ------------------------------------------------------------------------------

> dtfResultats [3 lignes]

    ------------------------------------------------------------------------------
                colonne           |     format    |    non-null   |    non-null%  
    ------------------------------------------------------------------------------
     txt_tweet                    | object        |             3 |        100.00 
     predict_croyance_id          | int64         |             3 |        100.00 
     predict_croyance             | object        |             3 |        100.00 
    ------------------------------------------------------------------------------

    --------------------------------------------------------------------------------------------------------------------------------------------------------
                                                  txt_tweet                                             |    predict_croyance_id  |     predict_croyance    
    --------------------------------------------------------------------------------------------------------------------------------------------------------
     Why should trust scientists with global warming if they didnt know Pluto wasnt a planet !!!        |                       1 | No                      
     Our climate is changing just as we are changing, do you believe in climate change?                 |                       0 | Yes                     
     How do we solve this global warming thing?                                                         |                       0 | Yes                     
    --------------------------------------------------------------------------------------------------------------------------------------------------------


*** FIN ********************************************************************************************
